TN:
SF:D:\koa学习\egg-view-art\app.js
FN:3,(anonymous_0)
FNF:1
FNH:1
FNDA:2,(anonymous_0)
DA:3,1
DA:4,2
LF:2
LH:2
BRF:0
BRH:0
end_of_record
TN:
SF:D:\koa学习\egg-view-art\config\config.default.js
FN:5,(anonymous_0)
FNF:1
FNH:1
FNDA:4,(anonymous_0)
DA:3,1
DA:5,1
DA:6,4
LF:3
LH:3
BRF:0
BRH:0
end_of_record
TN:
SF:D:\koa学习\egg-view-art\lib\view.js
FN:8,(anonymous_0)
FN:14,(anonymous_1)
FN:21,(anonymous_2)
FN:26,(anonymous_3)
FNF:4
FNH:4
FNDA:6,(anonymous_0)
FNDA:4,(anonymous_1)
FNDA:4,(anonymous_2)
FNDA:2,(anonymous_3)
DA:3,1
DA:4,1
DA:6,1
DA:9,6
DA:10,6
DA:11,6
DA:16,4
DA:17,4
DA:18,4
DA:22,4
DA:23,4
DA:27,2
DA:29,2
DA:30,2
DA:32,0
LF:15
LH:14
BRDA:14,0,0,0
BRF:1
BRH:0
end_of_record
